<!DOCTYPE html PUBLIC "-//W3C//DTD XHTML 1.1//EN" "http://www.w3.org/TR/xhtml11/DTD/xhtml11.dtd">
<html xmlns="http://www.w3.org/1999/xhtml"><head><title>TestNG Report</title><style type="text/css">table {margin-bottom:10px;border-collapse:collapse;empty-cells:show}th,td {border:1px solid #009;padding:.25em .5em}th {vertical-align:bottom}td {vertical-align:top}table a {font-weight:bold}.stripe td {background-color: #E6EBF9}.num {text-align:right}.passedodd td {background-color: #3F3}.passedeven td {background-color: #0A0}.skippedodd td {background-color: #DDD}.skippedeven td {background-color: #CCC}.failedodd td,.attn {background-color: #F33}.failedeven td,.stripe .attn {background-color: #D00}.stacktrace {white-space:pre;font-family:monospace}.totop {font-size:85%;text-align:center;border-bottom:2px solid #000}</style></head><body><table><tr><th>Test</th><th># Passed</th><th># Skipped</th><th># Failed</th><th>Time (ms)</th><th>Included Groups</th><th>Excluded Groups</th></tr><tr><th colspan="7">Test Suite</th></tr><tr><td><a href="#t0">RestAssured Automation Test</a></td><td class="num">3</td><td class="num">0</td><td class="num attn">6</td><td class="num">9,101</td><td></td><td></td></tr></table><table id='summary'><thead><tr><th>Class</th><th>Method</th><th>Start</th><th>Time (ms)</th></tr></thead><tbody><tr><th colspan="4">Test Suite</th></tr></tbody><tbody id="t0"><tr><th colspan="4">RestAssured Automation Test &#8212; failed</th></tr><tr class="failedeven"><td rowspan="6">com.test.project.tests.CreateEmail_POST_Test</td><td><a href="#m0">createEmailValidAndInvalidInputFieldValues</a></td><td rowspan="6">1521451716969</td><td rowspan="6">121</td></tr><tr class="failedeven"><td><a href="#m1">createEmailValidAndInvalidInputFieldValues</a></td></tr><tr class="failedeven"><td><a href="#m2">createEmailValidAndInvalidInputFieldValues</a></td></tr><tr class="failedeven"><td><a href="#m3">createEmailValidAndInvalidInputFieldValues</a></td></tr><tr class="failedeven"><td><a href="#m4">createEmailValidAndInvalidInputFieldValues</a></td></tr><tr class="failedeven"><td><a href="#m5">createEmailValidAndInvalidInputFieldValues</a></td></tr><tr><th colspan="4">RestAssured Automation Test &#8212; passed</th></tr><tr class="passedeven"><td rowspan="1">com.test.project.tests.CreateEmail_POST_Test</td><td><a href="#m6">createEmailValidAndInvalidInputFieldValues</a></td><td rowspan="1">1521451710645</td><td rowspan="1">5624</td></tr><tr class="passedodd"><td rowspan="1">com.test.project.tests.DeleteEmail_DELETE_Test</td><td><a href="#m7">deleteEmail</a></td><td rowspan="1">1521451717372</td><td rowspan="1">116</td></tr><tr class="passedeven"><td rowspan="1">com.test.project.tests.RetrieveEmail_GET_Test</td><td><a href="#m8">getEmail</a></td><td rowspan="1">1521451717223</td><td rowspan="1">144</td></tr></tbody></table><h2>RestAssured Automation Test</h2><h3 id="m0">com.test.project.tests.CreateEmail_POST_Test#createEmailValidAndInvalidInputFieldValues</h3><table class="result"><tr class="param"><th>Parameter #1</th></tr><tr class="param stripe"><td>{***Comments on TestData***=SpecialCharacterLastName, StatusCode=400, ExpectedEmail=restapi.com, FirstName=Rest, Password=a2q4y4Qs, LastName=&amp;%$£&quot;$, Title=Mr, Email=rest@api.com}</td></tr><tr><th>Exception</th></tr><tr><td><div class="stacktrace">java.lang.AssertionError: 1 expectation failed.
Expected status code &lt;400&gt; but was &lt;200&gt;.

	at org.codehaus.groovy.runtime.callsite.ConstructorSite$ConstructorSiteNoUnwrap.callConstructor(ConstructorSite.java:84)
	at org.codehaus.groovy.runtime.callsite.AbstractCallSite.callConstructor(AbstractCallSite.java:247)
	at io.restassured.internal.ResponseSpecificationImpl$HamcrestAssertionClosure.validate(ResponseSpecificationImpl.groovy:471)
	at io.restassured.internal.ResponseSpecificationImpl$HamcrestAssertionClosure$validate$1.call(Unknown Source)
	at io.restassured.internal.ResponseSpecificationImpl.validateResponseIfRequired(ResponseSpecificationImpl.groovy:643)
	at org.codehaus.groovy.runtime.callsite.PogoMetaMethodSite$PogoCachedMethodSiteNoUnwrapNoCoerce.invoke(PogoMetaMethodSite.java:210)
	at org.codehaus.groovy.runtime.callsite.PogoMetaMethodSite.callCurrent(PogoMetaMethodSite.java:59)
	at org.codehaus.groovy.runtime.callsite.AbstractCallSite.callCurrent(AbstractCallSite.java:166)
	at io.restassured.internal.ResponseSpecificationImpl.statusCode(ResponseSpecificationImpl.groovy:122)
	at io.restassured.specification.ResponseSpecification$statusCode$0.callCurrent(Unknown Source)
	at io.restassured.internal.ResponseSpecificationImpl.statusCode(ResponseSpecificationImpl.groovy:130)
	at io.restassured.internal.ValidatableResponseOptionsImpl.statusCode(ValidatableResponseOptionsImpl.java:117)
	at com.test.project.tests.CreateEmail_POST_Test.createEmailValidAndInvalidInputFieldValues(CreateEmail_POST_Test.java:69)
... Removed 35 stack frames</div></td></tr></table><p class="totop"><a href="#summary">back to summary</a></p><h3 id="m1">com.test.project.tests.CreateEmail_POST_Test#createEmailValidAndInvalidInputFieldValues</h3><table class="result"><tr class="param"><th>Parameter #1</th></tr><tr class="param stripe"><td>{***Comments on TestData***=TitleNotGiven, StatusCode=200, ExpectedEmail=chantest.com, FirstName=Chan, Password=a2q4yyQs, LastName=Test, Title=, Email=chan@test.com}</td></tr><tr><th>Exception</th></tr><tr><td><div class="stacktrace">java.lang.AssertionError: 1 expectation failed.
JSON path body.customerId doesn&apos;t match.
Expected: chantest.com
  Actual: null

	at org.codehaus.groovy.runtime.callsite.ConstructorSite$ConstructorSiteNoUnwrap.callConstructor(ConstructorSite.java:84)
	at org.codehaus.groovy.runtime.callsite.AbstractCallSite.callConstructor(AbstractCallSite.java:247)
	at io.restassured.internal.ResponseSpecificationImpl$HamcrestAssertionClosure.validate(ResponseSpecificationImpl.groovy:471)
	at io.restassured.internal.ResponseSpecificationImpl$HamcrestAssertionClosure$validate$1.call(Unknown Source)
	at io.restassured.internal.ResponseSpecificationImpl.validateResponseIfRequired(ResponseSpecificationImpl.groovy:643)
	at org.codehaus.groovy.runtime.callsite.PogoMetaMethodSite$PogoCachedMethodSiteNoUnwrapNoCoerce.invoke(PogoMetaMethodSite.java:210)
	at org.codehaus.groovy.runtime.callsite.PogoMetaMethodSite.callCurrent(PogoMetaMethodSite.java:59)
	at org.codehaus.groovy.runtime.callsite.AbstractCallSite.callCurrent(AbstractCallSite.java:166)
	at io.restassured.internal.ResponseSpecificationImpl.content(ResponseSpecificationImpl.groovy:265)
	at io.restassured.specification.ResponseSpecification$content$1.callCurrent(Unknown Source)
	at io.restassured.internal.ResponseSpecificationImpl.body(ResponseSpecificationImpl.groovy:248)
	at io.restassured.internal.ValidatableResponseOptionsImpl.body(ValidatableResponseOptionsImpl.java:268)
	at com.test.project.tests.CreateEmail_POST_Test.createEmailValidAndInvalidInputFieldValues(CreateEmail_POST_Test.java:70)
... Removed 35 stack frames</div></td></tr></table><p class="totop"><a href="#summary">back to summary</a></p><h3 id="m2">com.test.project.tests.CreateEmail_POST_Test#createEmailValidAndInvalidInputFieldValues</h3><table class="result"><tr class="param"><th>Parameter #1</th></tr><tr class="param stripe"><td>{***Comments on TestData***=MaximumLengthExceeded, StatusCode=400, ExpectedEmail=dytgmail.com, FirstName=David, Password=a2q4y4Qu, LastName=%AllenBuckinghamshireMiltonKeynesUnitedKingdom, Title=Mr, Email=dyt@gmail.com}</td></tr><tr><th>Exception</th></tr><tr><td><div class="stacktrace">java.lang.AssertionError: 1 expectation failed.
Expected status code &lt;400&gt; but was &lt;200&gt;.

	at org.codehaus.groovy.runtime.callsite.ConstructorSite$ConstructorSiteNoUnwrap.callConstructor(ConstructorSite.java:84)
	at org.codehaus.groovy.runtime.callsite.AbstractCallSite.callConstructor(AbstractCallSite.java:247)
	at io.restassured.internal.ResponseSpecificationImpl$HamcrestAssertionClosure.validate(ResponseSpecificationImpl.groovy:471)
	at io.restassured.internal.ResponseSpecificationImpl$HamcrestAssertionClosure$validate$1.call(Unknown Source)
	at io.restassured.internal.ResponseSpecificationImpl.validateResponseIfRequired(ResponseSpecificationImpl.groovy:643)
	at org.codehaus.groovy.runtime.callsite.PogoMetaMethodSite$PogoCachedMethodSiteNoUnwrapNoCoerce.invoke(PogoMetaMethodSite.java:210)
	at org.codehaus.groovy.runtime.callsite.PogoMetaMethodSite.callCurrent(PogoMetaMethodSite.java:59)
	at org.codehaus.groovy.runtime.callsite.AbstractCallSite.callCurrent(AbstractCallSite.java:166)
	at io.restassured.internal.ResponseSpecificationImpl.statusCode(ResponseSpecificationImpl.groovy:122)
	at io.restassured.specification.ResponseSpecification$statusCode$0.callCurrent(Unknown Source)
	at io.restassured.internal.ResponseSpecificationImpl.statusCode(ResponseSpecificationImpl.groovy:130)
	at io.restassured.internal.ValidatableResponseOptionsImpl.statusCode(ValidatableResponseOptionsImpl.java:117)
	at com.test.project.tests.CreateEmail_POST_Test.createEmailValidAndInvalidInputFieldValues(CreateEmail_POST_Test.java:69)
... Removed 35 stack frames</div></td></tr></table><p class="totop"><a href="#summary">back to summary</a></p><h3 id="m3">com.test.project.tests.CreateEmail_POST_Test#createEmailValidAndInvalidInputFieldValues</h3><table class="result"><tr class="param"><th>Parameter #1</th></tr><tr class="param stripe"><td>{***Comments on TestData***=WrongPassword, StatusCode=401, ExpectedEmail=restapi.com, FirstName=Rest, Password=b21r4Qs, LastName=APITest, Title=Mr, Email=rest@api.com}</td></tr><tr><th>Exception</th></tr><tr><td><div class="stacktrace">java.lang.AssertionError: 1 expectation failed.
Expected status code &lt;401&gt; but was &lt;200&gt;.

	at org.codehaus.groovy.runtime.callsite.ConstructorSite$ConstructorSiteNoUnwrap.callConstructor(ConstructorSite.java:84)
	at org.codehaus.groovy.runtime.callsite.CallSiteArray.defaultCallConstructor(CallSiteArray.java:60)
	at org.codehaus.groovy.runtime.callsite.AbstractCallSite.callConstructor(AbstractCallSite.java:235)
	at org.codehaus.groovy.runtime.callsite.AbstractCallSite.callConstructor(AbstractCallSite.java:247)
	at io.restassured.internal.ResponseSpecificationImpl$HamcrestAssertionClosure.validate(ResponseSpecificationImpl.groovy:471)
	at io.restassured.internal.ResponseSpecificationImpl$HamcrestAssertionClosure$validate$1.call(Unknown Source)
	at io.restassured.internal.ResponseSpecificationImpl.validateResponseIfRequired(ResponseSpecificationImpl.groovy:643)
	at org.codehaus.groovy.runtime.callsite.PogoMetaMethodSite$PogoCachedMethodSiteNoUnwrapNoCoerce.invoke(PogoMetaMethodSite.java:210)
	at org.codehaus.groovy.runtime.callsite.PogoMetaMethodSite.callCurrent(PogoMetaMethodSite.java:59)
	at org.codehaus.groovy.runtime.callsite.AbstractCallSite.callCurrent(AbstractCallSite.java:166)
	at io.restassured.internal.ResponseSpecificationImpl.statusCode(ResponseSpecificationImpl.groovy:122)
	at io.restassured.specification.ResponseSpecification$statusCode$0.callCurrent(Unknown Source)
	at io.restassured.internal.ResponseSpecificationImpl.statusCode(ResponseSpecificationImpl.groovy:130)
	at io.restassured.internal.ValidatableResponseOptionsImpl.statusCode(ValidatableResponseOptionsImpl.java:117)
	at com.test.project.tests.CreateEmail_POST_Test.createEmailValidAndInvalidInputFieldValues(CreateEmail_POST_Test.java:69)
... Removed 35 stack frames</div></td></tr></table><p class="totop"><a href="#summary">back to summary</a></p><h3 id="m4">com.test.project.tests.CreateEmail_POST_Test#createEmailValidAndInvalidInputFieldValues</h3><table class="result"><tr class="param"><th>Parameter #1</th></tr><tr class="param stripe"><td>{***Comments on TestData***=NoLastName, StatusCode=400, ExpectedEmail=dytgmail.com, FirstName=David, Password=a2q4y4Qu, LastName=, Title=Mr, Email=dyt@gmail.com}</td></tr><tr><th>Exception</th></tr><tr><td><div class="stacktrace">java.lang.AssertionError: 1 expectation failed.
Expected status code &lt;400&gt; but was &lt;200&gt;.

	at org.codehaus.groovy.runtime.callsite.ConstructorSite$ConstructorSiteNoUnwrap.callConstructor(ConstructorSite.java:84)
	at org.codehaus.groovy.runtime.callsite.AbstractCallSite.callConstructor(AbstractCallSite.java:247)
	at io.restassured.internal.ResponseSpecificationImpl$HamcrestAssertionClosure.validate(ResponseSpecificationImpl.groovy:471)
	at io.restassured.internal.ResponseSpecificationImpl$HamcrestAssertionClosure$validate$1.call(Unknown Source)
	at io.restassured.internal.ResponseSpecificationImpl.validateResponseIfRequired(ResponseSpecificationImpl.groovy:643)
	at org.codehaus.groovy.runtime.callsite.PogoMetaMethodSite$PogoCachedMethodSiteNoUnwrapNoCoerce.invoke(PogoMetaMethodSite.java:210)
	at org.codehaus.groovy.runtime.callsite.PogoMetaMethodSite.callCurrent(PogoMetaMethodSite.java:59)
	at org.codehaus.groovy.runtime.callsite.AbstractCallSite.callCurrent(AbstractCallSite.java:166)
	at io.restassured.internal.ResponseSpecificationImpl.statusCode(ResponseSpecificationImpl.groovy:122)
	at io.restassured.specification.ResponseSpecification$statusCode$0.callCurrent(Unknown Source)
	at io.restassured.internal.ResponseSpecificationImpl.statusCode(ResponseSpecificationImpl.groovy:130)
	at io.restassured.internal.ValidatableResponseOptionsImpl.statusCode(ValidatableResponseOptionsImpl.java:117)
	at com.test.project.tests.CreateEmail_POST_Test.createEmailValidAndInvalidInputFieldValues(CreateEmail_POST_Test.java:69)
... Removed 35 stack frames</div></td></tr></table><p class="totop"><a href="#summary">back to summary</a></p><h3 id="m5">com.test.project.tests.CreateEmail_POST_Test#createEmailValidAndInvalidInputFieldValues</h3><table class="result"><tr class="param"><th>Parameter #1</th></tr><tr class="param stripe"><td>{***Comments on TestData***=NumericValuesForNames, StatusCode=400, ExpectedEmail=dytgmail.com, FirstName=1234, Password=a2q4y4Qu, LastName=123, Title=Mr, Email=dyt@gmail.com}</td></tr><tr><th>Exception</th></tr><tr><td><div class="stacktrace">java.lang.AssertionError: 1 expectation failed.
Expected status code &lt;400&gt; but was &lt;200&gt;.

	at org.codehaus.groovy.runtime.callsite.ConstructorSite$ConstructorSiteNoUnwrap.callConstructor(ConstructorSite.java:84)
	at org.codehaus.groovy.runtime.callsite.AbstractCallSite.callConstructor(AbstractCallSite.java:247)
	at io.restassured.internal.ResponseSpecificationImpl$HamcrestAssertionClosure.validate(ResponseSpecificationImpl.groovy:471)
	at io.restassured.internal.ResponseSpecificationImpl$HamcrestAssertionClosure$validate$1.call(Unknown Source)
	at io.restassured.internal.ResponseSpecificationImpl.validateResponseIfRequired(ResponseSpecificationImpl.groovy:643)
	at org.codehaus.groovy.runtime.callsite.PogoMetaMethodSite$PogoCachedMethodSiteNoUnwrapNoCoerce.invoke(PogoMetaMethodSite.java:210)
	at org.codehaus.groovy.runtime.callsite.PogoMetaMethodSite.callCurrent(PogoMetaMethodSite.java:59)
	at org.codehaus.groovy.runtime.callsite.AbstractCallSite.callCurrent(AbstractCallSite.java:166)
	at io.restassured.internal.ResponseSpecificationImpl.statusCode(ResponseSpecificationImpl.groovy:122)
	at io.restassured.specification.ResponseSpecification$statusCode$0.callCurrent(Unknown Source)
	at io.restassured.internal.ResponseSpecificationImpl.statusCode(ResponseSpecificationImpl.groovy:130)
	at io.restassured.internal.ValidatableResponseOptionsImpl.statusCode(ValidatableResponseOptionsImpl.java:117)
	at com.test.project.tests.CreateEmail_POST_Test.createEmailValidAndInvalidInputFieldValues(CreateEmail_POST_Test.java:69)
... Removed 35 stack frames</div></td></tr></table><p class="totop"><a href="#summary">back to summary</a></p><h3 id="m6">com.test.project.tests.CreateEmail_POST_Test#createEmailValidAndInvalidInputFieldValues</h3><table class="result"><tr class="param"><th>Parameter #1</th></tr><tr class="param stripe"><td>{***Comments on TestData***=ValidData, StatusCode=200, ExpectedEmail=dytgmail.com, FirstName=David, Password=a2q4y4Qu, LastName=Allen, Title=Mr, Email=dyt@gmail.com}</td></tr></table><p class="totop"><a href="#summary">back to summary</a></p><h3 id="m7">com.test.project.tests.DeleteEmail_DELETE_Test#deleteEmail</h3><table class="result"></table><p class="totop"><a href="#summary">back to summary</a></p><h3 id="m8">com.test.project.tests.RetrieveEmail_GET_Test#getEmail</h3><table class="result"></table><p class="totop"><a href="#summary">back to summary</a></p></body></html>